{"/Users/raminta/Documents/_50-grupe-testavimas_/unit-test/nd.js": {"path":"/Users/raminta/Documents/_50-grupe-testavimas_/unit-test/nd.js","all":false,"statementMap":{"0":{"start":{"line":1,"column":0},"end":{"line":1,"column":50}},"1":{"start":{"line":2,"column":0},"end":{"line":2,"column":30}},"2":{"start":{"line":3,"column":0},"end":{"line":3,"column":27}},"3":{"start":{"line":4,"column":0},"end":{"line":4,"column":21}},"4":{"start":{"line":5,"column":0},"end":{"line":5,"column":8}},"5":{"start":{"line":6,"column":0},"end":{"line":6,"column":24}},"6":{"start":{"line":7,"column":0},"end":{"line":7,"column":38}},"7":{"start":{"line":8,"column":0},"end":{"line":8,"column":5}},"8":{"start":{"line":9,"column":0},"end":{"line":9,"column":45}},"9":{"start":{"line":10,"column":0},"end":{"line":10,"column":1}},"10":{"start":{"line":11,"column":0},"end":{"line":11,"column":0}},"11":{"start":{"line":12,"column":0},"end":{"line":12,"column":61}},"12":{"start":{"line":13,"column":0},"end":{"line":13,"column":29}},"13":{"start":{"line":14,"column":0},"end":{"line":14,"column":36}},"14":{"start":{"line":15,"column":0},"end":{"line":15,"column":53}},"15":{"start":{"line":16,"column":0},"end":{"line":16,"column":1}},"16":{"start":{"line":17,"column":0},"end":{"line":17,"column":0}},"17":{"start":{"line":18,"column":0},"end":{"line":18,"column":46}},"18":{"start":{"line":19,"column":0},"end":{"line":19,"column":23}},"19":{"start":{"line":20,"column":0},"end":{"line":20,"column":51}},"20":{"start":{"line":21,"column":0},"end":{"line":21,"column":27}},"21":{"start":{"line":22,"column":0},"end":{"line":22,"column":28}},"22":{"start":{"line":23,"column":0},"end":{"line":23,"column":38}},"23":{"start":{"line":24,"column":0},"end":{"line":24,"column":18}},"24":{"start":{"line":25,"column":0},"end":{"line":25,"column":33}},"25":{"start":{"line":26,"column":0},"end":{"line":26,"column":50}},"26":{"start":{"line":27,"column":0},"end":{"line":27,"column":5}},"27":{"start":{"line":28,"column":0},"end":{"line":28,"column":18}},"28":{"start":{"line":29,"column":0},"end":{"line":29,"column":1}},"29":{"start":{"line":30,"column":0},"end":{"line":30,"column":0}},"30":{"start":{"line":31,"column":0},"end":{"line":31,"column":42}},"31":{"start":{"line":32,"column":0},"end":{"line":32,"column":23}},"32":{"start":{"line":33,"column":0},"end":{"line":33,"column":64}},"33":{"start":{"line":34,"column":0},"end":{"line":34,"column":26}},"34":{"start":{"line":35,"column":0},"end":{"line":35,"column":26}},"35":{"start":{"line":36,"column":0},"end":{"line":36,"column":16}},"36":{"start":{"line":37,"column":0},"end":{"line":37,"column":34}},"37":{"start":{"line":38,"column":0},"end":{"line":38,"column":17}},"38":{"start":{"line":39,"column":0},"end":{"line":39,"column":5}},"39":{"start":{"line":40,"column":0},"end":{"line":40,"column":15}},"40":{"start":{"line":41,"column":0},"end":{"line":41,"column":1}},"41":{"start":{"line":42,"column":0},"end":{"line":42,"column":0}},"42":{"start":{"line":43,"column":0},"end":{"line":43,"column":106}},"43":{"start":{"line":44,"column":0},"end":{"line":44,"column":34}},"44":{"start":{"line":45,"column":0},"end":{"line":45,"column":52}},"45":{"start":{"line":46,"column":0},"end":{"line":46,"column":78}},"46":{"start":{"line":47,"column":0},"end":{"line":47,"column":1}},"47":{"start":{"line":48,"column":0},"end":{"line":48,"column":0}},"48":{"start":{"line":49,"column":0},"end":{"line":49,"column":47}},"49":{"start":{"line":50,"column":0},"end":{"line":50,"column":21}},"50":{"start":{"line":51,"column":0},"end":{"line":51,"column":30}},"51":{"start":{"line":52,"column":0},"end":{"line":52,"column":50}},"52":{"start":{"line":53,"column":0},"end":{"line":53,"column":37}},"53":{"start":{"line":54,"column":0},"end":{"line":54,"column":5}},"54":{"start":{"line":55,"column":0},"end":{"line":55,"column":15}},"55":{"start":{"line":56,"column":0},"end":{"line":56,"column":1}},"56":{"start":{"line":57,"column":0},"end":{"line":57,"column":0}},"57":{"start":{"line":58,"column":0},"end":{"line":58,"column":18}},"58":{"start":{"line":59,"column":0},"end":{"line":59,"column":18}},"59":{"start":{"line":60,"column":0},"end":{"line":60,"column":17}},"60":{"start":{"line":61,"column":0},"end":{"line":61,"column":14}},"61":{"start":{"line":62,"column":0},"end":{"line":62,"column":14}},"62":{"start":{"line":63,"column":0},"end":{"line":63,"column":14}},"63":{"start":{"line":64,"column":0},"end":{"line":64,"column":12}},"64":{"start":{"line":65,"column":0},"end":{"line":65,"column":2}}},"s":{"0":1,"1":3,"2":3,"3":3,"4":3,"5":3,"6":1,"7":1,"8":2,"9":2,"10":1,"11":1,"12":4,"13":4,"14":3,"15":3,"16":1,"17":1,"18":5,"19":5,"20":5,"21":5,"22":2,"23":2,"24":5,"25":7,"26":7,"27":2,"28":2,"29":1,"30":1,"31":6,"32":6,"33":6,"34":6,"35":3,"36":6,"37":14,"38":14,"39":3,"40":3,"41":1,"42":1,"43":5,"44":5,"45":3,"46":3,"47":1,"48":1,"49":5,"50":5,"51":5,"52":27,"53":27,"54":2,"55":2,"56":1,"57":1,"58":1,"59":1,"60":1,"61":1,"62":1,"63":1,"64":1},"branchMap":{"0":{"type":"branch","line":2,"loc":{"start":{"line":2,"column":0},"end":{"line":10,"column":1}},"locations":[{"start":{"line":2,"column":0},"end":{"line":10,"column":1}}]},"1":{"type":"branch","line":6,"loc":{"start":{"line":6,"column":23},"end":{"line":8,"column":5}},"locations":[{"start":{"line":6,"column":23},"end":{"line":8,"column":5}}]},"2":{"type":"branch","line":8,"loc":{"start":{"line":8,"column":4},"end":{"line":10,"column":1}},"locations":[{"start":{"line":8,"column":4},"end":{"line":10,"column":1}}]},"3":{"type":"branch","line":13,"loc":{"start":{"line":13,"column":0},"end":{"line":16,"column":1}},"locations":[{"start":{"line":13,"column":0},"end":{"line":16,"column":1}}]},"4":{"type":"branch","line":14,"loc":{"start":{"line":14,"column":23},"end":{"line":14,"column":36}},"locations":[{"start":{"line":14,"column":23},"end":{"line":14,"column":36}}]},"5":{"type":"branch","line":14,"loc":{"start":{"line":14,"column":35},"end":{"line":16,"column":1}},"locations":[{"start":{"line":14,"column":35},"end":{"line":16,"column":1}}]},"6":{"type":"branch","line":19,"loc":{"start":{"line":19,"column":0},"end":{"line":29,"column":1}},"locations":[{"start":{"line":19,"column":0},"end":{"line":29,"column":1}}]},"7":{"type":"branch","line":20,"loc":{"start":{"line":20,"column":15},"end":{"line":20,"column":51}},"locations":[{"start":{"line":20,"column":15},"end":{"line":20,"column":51}}]},"8":{"type":"branch","line":20,"loc":{"start":{"line":20,"column":50},"end":{"line":21,"column":17}},"locations":[{"start":{"line":20,"column":50},"end":{"line":21,"column":17}}]},"9":{"type":"branch","line":21,"loc":{"start":{"line":21,"column":17},"end":{"line":21,"column":27}},"locations":[{"start":{"line":21,"column":17},"end":{"line":21,"column":27}}]},"10":{"type":"branch","line":21,"loc":{"start":{"line":21,"column":26},"end":{"line":22,"column":17}},"locations":[{"start":{"line":21,"column":26},"end":{"line":22,"column":17}}]},"11":{"type":"branch","line":22,"loc":{"start":{"line":22,"column":17},"end":{"line":22,"column":28}},"locations":[{"start":{"line":22,"column":17},"end":{"line":22,"column":28}}]},"12":{"type":"branch","line":22,"loc":{"start":{"line":22,"column":27},"end":{"line":25,"column":32}},"locations":[{"start":{"line":22,"column":27},"end":{"line":25,"column":32}}]},"13":{"type":"branch","line":25,"loc":{"start":{"line":25,"column":32},"end":{"line":27,"column":5}},"locations":[{"start":{"line":25,"column":32},"end":{"line":27,"column":5}}]},"14":{"type":"branch","line":27,"loc":{"start":{"line":27,"column":4},"end":{"line":29,"column":1}},"locations":[{"start":{"line":27,"column":4},"end":{"line":29,"column":1}}]},"15":{"type":"branch","line":32,"loc":{"start":{"line":32,"column":0},"end":{"line":41,"column":1}},"locations":[{"start":{"line":32,"column":0},"end":{"line":41,"column":1}}]},"16":{"type":"branch","line":33,"loc":{"start":{"line":33,"column":15},"end":{"line":33,"column":64}},"locations":[{"start":{"line":33,"column":15},"end":{"line":33,"column":64}}]},"17":{"type":"branch","line":34,"loc":{"start":{"line":34,"column":-1},"end":{"line":34,"column":17}},"locations":[{"start":{"line":34,"column":-1},"end":{"line":34,"column":17}}]},"18":{"type":"branch","line":34,"loc":{"start":{"line":34,"column":17},"end":{"line":34,"column":26}},"locations":[{"start":{"line":34,"column":17},"end":{"line":34,"column":26}}]},"19":{"type":"branch","line":34,"loc":{"start":{"line":34,"column":25},"end":{"line":35,"column":17}},"locations":[{"start":{"line":34,"column":25},"end":{"line":35,"column":17}}]},"20":{"type":"branch","line":35,"loc":{"start":{"line":35,"column":17},"end":{"line":35,"column":26}},"locations":[{"start":{"line":35,"column":17},"end":{"line":35,"column":26}}]},"21":{"type":"branch","line":35,"loc":{"start":{"line":35,"column":25},"end":{"line":37,"column":33}},"locations":[{"start":{"line":35,"column":25},"end":{"line":37,"column":33}}]},"22":{"type":"branch","line":37,"loc":{"start":{"line":37,"column":33},"end":{"line":39,"column":5}},"locations":[{"start":{"line":37,"column":33},"end":{"line":39,"column":5}}]},"23":{"type":"branch","line":39,"loc":{"start":{"line":39,"column":4},"end":{"line":41,"column":1}},"locations":[{"start":{"line":39,"column":4},"end":{"line":41,"column":1}}]},"24":{"type":"branch","line":44,"loc":{"start":{"line":44,"column":0},"end":{"line":47,"column":1}},"locations":[{"start":{"line":44,"column":0},"end":{"line":47,"column":1}}]},"25":{"type":"branch","line":45,"loc":{"start":{"line":45,"column":39},"end":{"line":45,"column":52}},"locations":[{"start":{"line":45,"column":39},"end":{"line":45,"column":52}}]},"26":{"type":"branch","line":45,"loc":{"start":{"line":45,"column":51},"end":{"line":47,"column":1}},"locations":[{"start":{"line":45,"column":51},"end":{"line":47,"column":1}}]},"27":{"type":"branch","line":50,"loc":{"start":{"line":50,"column":0},"end":{"line":56,"column":1}},"locations":[{"start":{"line":50,"column":0},"end":{"line":56,"column":1}}]},"28":{"type":"branch","line":51,"loc":{"start":{"line":51,"column":17},"end":{"line":51,"column":30}},"locations":[{"start":{"line":51,"column":17},"end":{"line":51,"column":30}}]},"29":{"type":"branch","line":51,"loc":{"start":{"line":51,"column":29},"end":{"line":52,"column":49}},"locations":[{"start":{"line":51,"column":29},"end":{"line":52,"column":49}}]},"30":{"type":"branch","line":52,"loc":{"start":{"line":52,"column":49},"end":{"line":54,"column":5}},"locations":[{"start":{"line":52,"column":49},"end":{"line":54,"column":5}}]},"31":{"type":"branch","line":53,"loc":{"start":{"line":53,"column":25},"end":{"line":53,"column":37}},"locations":[{"start":{"line":53,"column":25},"end":{"line":53,"column":37}}]},"32":{"type":"branch","line":54,"loc":{"start":{"line":54,"column":4},"end":{"line":56,"column":1}},"locations":[{"start":{"line":54,"column":4},"end":{"line":56,"column":1}}]}},"b":{"0":[3],"1":[1],"2":[2],"3":[4],"4":[1],"5":[3],"6":[5],"7":[1],"8":[4],"9":[1],"10":[3],"11":[1],"12":[2],"13":[7],"14":[2],"15":[6],"16":[1],"17":[5],"18":[1],"19":[4],"20":[1],"21":[3],"22":[14],"23":[3],"24":[5],"25":[2],"26":[3],"27":[5],"28":[1],"29":[4],"30":[27],"31":[2],"32":[2]},"fnMap":{"0":{"name":"reverseString","decl":{"start":{"line":2,"column":0},"end":{"line":10,"column":1}},"loc":{"start":{"line":2,"column":0},"end":{"line":10,"column":1}},"line":2},"1":{"name":"isPalindrome","decl":{"start":{"line":13,"column":0},"end":{"line":16,"column":1}},"loc":{"start":{"line":13,"column":0},"end":{"line":16,"column":1}},"line":13},"2":{"name":"fibonacci","decl":{"start":{"line":19,"column":0},"end":{"line":29,"column":1}},"loc":{"start":{"line":19,"column":0},"end":{"line":29,"column":1}},"line":19},"3":{"name":"factorial","decl":{"start":{"line":32,"column":0},"end":{"line":41,"column":1}},"loc":{"start":{"line":32,"column":0},"end":{"line":41,"column":1}},"line":32},"4":{"name":"isAnagram","decl":{"start":{"line":44,"column":0},"end":{"line":47,"column":1}},"loc":{"start":{"line":44,"column":0},"end":{"line":47,"column":1}},"line":44},"5":{"name":"isPrime","decl":{"start":{"line":50,"column":0},"end":{"line":56,"column":1}},"loc":{"start":{"line":50,"column":0},"end":{"line":56,"column":1}},"line":50}},"f":{"0":3,"1":4,"2":5,"3":6,"4":5,"5":5}}
,"/Users/raminta/Documents/_50-grupe-testavimas_/unit-test/sum.js": {"path":"/Users/raminta/Documents/_50-grupe-testavimas_/unit-test/sum.js","all":false,"statementMap":{"0":{"start":{"line":1,"column":0},"end":{"line":1,"column":20}},"1":{"start":{"line":2,"column":0},"end":{"line":2,"column":17}},"2":{"start":{"line":3,"column":0},"end":{"line":3,"column":1}},"3":{"start":{"line":4,"column":0},"end":{"line":4,"column":17}},"4":{"start":{"line":5,"column":0},"end":{"line":5,"column":16}},"5":{"start":{"line":6,"column":0},"end":{"line":6,"column":21}},"6":{"start":{"line":7,"column":0},"end":{"line":7,"column":5}},"7":{"start":{"line":8,"column":0},"end":{"line":8,"column":18}},"8":{"start":{"line":9,"column":0},"end":{"line":9,"column":1}},"9":{"start":{"line":10,"column":0},"end":{"line":10,"column":20}},"10":{"start":{"line":11,"column":0},"end":{"line":11,"column":17}},"11":{"start":{"line":12,"column":0},"end":{"line":12,"column":1}},"12":{"start":{"line":13,"column":0},"end":{"line":13,"column":0}},"13":{"start":{"line":14,"column":0},"end":{"line":14,"column":29}},"14":{"start":{"line":15,"column":0},"end":{"line":15,"column":18}},"15":{"start":{"line":16,"column":0},"end":{"line":16,"column":47}},"16":{"start":{"line":17,"column":0},"end":{"line":17,"column":23}},"17":{"start":{"line":18,"column":0},"end":{"line":18,"column":5}},"18":{"start":{"line":19,"column":0},"end":{"line":19,"column":16}},"19":{"start":{"line":20,"column":0},"end":{"line":20,"column":1}},"20":{"start":{"line":21,"column":0},"end":{"line":21,"column":0}},"21":{"start":{"line":22,"column":0},"end":{"line":22,"column":28}},"22":{"start":{"line":23,"column":0},"end":{"line":23,"column":31}},"23":{"start":{"line":24,"column":0},"end":{"line":24,"column":52}},"24":{"start":{"line":25,"column":0},"end":{"line":25,"column":1}},"25":{"start":{"line":26,"column":0},"end":{"line":26,"column":0}},"26":{"start":{"line":27,"column":0},"end":{"line":27,"column":17}},"27":{"start":{"line":28,"column":0},"end":{"line":28,"column":25}},"28":{"start":{"line":29,"column":0},"end":{"line":29,"column":35}},"29":{"start":{"line":30,"column":0},"end":{"line":30,"column":1}},"30":{"start":{"line":31,"column":0},"end":{"line":31,"column":23}},"31":{"start":{"line":32,"column":0},"end":{"line":32,"column":37}},"32":{"start":{"line":33,"column":0},"end":{"line":33,"column":32}},"33":{"start":{"line":34,"column":0},"end":{"line":34,"column":1}},"34":{"start":{"line":35,"column":0},"end":{"line":35,"column":36}},"35":{"start":{"line":36,"column":0},"end":{"line":36,"column":52}},"36":{"start":{"line":37,"column":0},"end":{"line":37,"column":54}},"37":{"start":{"line":38,"column":0},"end":{"line":38,"column":54}},"38":{"start":{"line":39,"column":0},"end":{"line":39,"column":39}},"39":{"start":{"line":40,"column":0},"end":{"line":40,"column":1}},"40":{"start":{"line":41,"column":0},"end":{"line":41,"column":21}},"41":{"start":{"line":42,"column":0},"end":{"line":42,"column":29}},"42":{"start":{"line":43,"column":0},"end":{"line":43,"column":28}},"43":{"start":{"line":44,"column":0},"end":{"line":44,"column":49}},"44":{"start":{"line":45,"column":0},"end":{"line":45,"column":41}},"45":{"start":{"line":46,"column":0},"end":{"line":46,"column":59}},"46":{"start":{"line":47,"column":0},"end":{"line":47,"column":5}},"47":{"start":{"line":48,"column":0},"end":{"line":48,"column":16}},"48":{"start":{"line":49,"column":0},"end":{"line":49,"column":1}},"49":{"start":{"line":50,"column":0},"end":{"line":50,"column":0}},"50":{"start":{"line":51,"column":0},"end":{"line":51,"column":18}},"51":{"start":{"line":52,"column":0},"end":{"line":52,"column":8}},"52":{"start":{"line":53,"column":0},"end":{"line":53,"column":11}},"53":{"start":{"line":54,"column":0},"end":{"line":54,"column":8}},"54":{"start":{"line":55,"column":0},"end":{"line":55,"column":18}},"55":{"start":{"line":56,"column":0},"end":{"line":56,"column":17}},"56":{"start":{"line":57,"column":0},"end":{"line":57,"column":8}},"57":{"start":{"line":58,"column":0},"end":{"line":58,"column":14}},"58":{"start":{"line":59,"column":0},"end":{"line":59,"column":16}},"59":{"start":{"line":60,"column":0},"end":{"line":60,"column":12}},"60":{"start":{"line":61,"column":0},"end":{"line":61,"column":1}}},"s":{"0":2,"1":2,"2":2,"3":3,"4":3,"5":2,"6":2,"7":1,"8":1,"9":2,"10":2,"11":2,"12":1,"13":2,"14":2,"15":2,"16":16,"17":16,"18":2,"19":2,"20":1,"21":6,"22":6,"23":6,"24":6,"25":1,"26":179,"27":179,"28":88,"29":88,"30":6,"31":6,"32":4,"33":4,"34":1,"35":1,"36":1,"37":1,"38":1,"39":1,"40":4,"41":4,"42":4,"43":4,"44":4,"45":0,"46":0,"47":1,"48":1,"49":1,"50":1,"51":1,"52":1,"53":1,"54":1,"55":1,"56":1,"57":1,"58":1,"59":1,"60":1},"branchMap":{"0":{"type":"branch","line":1,"loc":{"start":{"line":1,"column":0},"end":{"line":3,"column":1}},"locations":[{"start":{"line":1,"column":0},"end":{"line":3,"column":1}}]},"1":{"type":"branch","line":4,"loc":{"start":{"line":4,"column":0},"end":{"line":9,"column":1}},"locations":[{"start":{"line":4,"column":0},"end":{"line":9,"column":1}}]},"2":{"type":"branch","line":5,"loc":{"start":{"line":5,"column":15},"end":{"line":7,"column":5}},"locations":[{"start":{"line":5,"column":15},"end":{"line":7,"column":5}}]},"3":{"type":"branch","line":7,"loc":{"start":{"line":7,"column":4},"end":{"line":9,"column":1}},"locations":[{"start":{"line":7,"column":4},"end":{"line":9,"column":1}}]},"4":{"type":"branch","line":10,"loc":{"start":{"line":10,"column":0},"end":{"line":12,"column":1}},"locations":[{"start":{"line":10,"column":0},"end":{"line":12,"column":1}}]},"5":{"type":"branch","line":14,"loc":{"start":{"line":14,"column":0},"end":{"line":20,"column":1}},"locations":[{"start":{"line":14,"column":0},"end":{"line":20,"column":1}}]},"6":{"type":"branch","line":16,"loc":{"start":{"line":16,"column":46},"end":{"line":18,"column":5}},"locations":[{"start":{"line":16,"column":46},"end":{"line":18,"column":5}}]},"7":{"type":"branch","line":22,"loc":{"start":{"line":22,"column":0},"end":{"line":25,"column":1}},"locations":[{"start":{"line":22,"column":0},"end":{"line":25,"column":1}}]},"8":{"type":"branch","line":27,"loc":{"start":{"line":27,"column":0},"end":{"line":30,"column":1}},"locations":[{"start":{"line":27,"column":0},"end":{"line":30,"column":1}}]},"9":{"type":"branch","line":28,"loc":{"start":{"line":28,"column":16},"end":{"line":28,"column":25}},"locations":[{"start":{"line":28,"column":16},"end":{"line":28,"column":25}}]},"10":{"type":"branch","line":28,"loc":{"start":{"line":28,"column":24},"end":{"line":30,"column":1}},"locations":[{"start":{"line":28,"column":24},"end":{"line":30,"column":1}}]},"11":{"type":"branch","line":31,"loc":{"start":{"line":31,"column":0},"end":{"line":34,"column":1}},"locations":[{"start":{"line":31,"column":0},"end":{"line":34,"column":1}}]},"12":{"type":"branch","line":32,"loc":{"start":{"line":32,"column":15},"end":{"line":32,"column":26}},"locations":[{"start":{"line":32,"column":15},"end":{"line":32,"column":26}}]},"13":{"type":"branch","line":32,"loc":{"start":{"line":32,"column":28},"end":{"line":32,"column":37}},"locations":[{"start":{"line":32,"column":28},"end":{"line":32,"column":37}}]},"14":{"type":"branch","line":32,"loc":{"start":{"line":32,"column":36},"end":{"line":34,"column":1}},"locations":[{"start":{"line":32,"column":36},"end":{"line":34,"column":1}}]},"15":{"type":"branch","line":35,"loc":{"start":{"line":35,"column":0},"end":{"line":40,"column":1}},"locations":[{"start":{"line":35,"column":0},"end":{"line":40,"column":1}}]},"16":{"type":"branch","line":36,"loc":{"start":{"line":36,"column":39},"end":{"line":36,"column":52}},"locations":[{"start":{"line":36,"column":39},"end":{"line":36,"column":52}}]},"17":{"type":"branch","line":41,"loc":{"start":{"line":41,"column":0},"end":{"line":49,"column":1}},"locations":[{"start":{"line":41,"column":0},"end":{"line":49,"column":1}}]},"18":{"type":"branch","line":42,"loc":{"start":{"line":42,"column":16},"end":{"line":42,"column":29}},"locations":[{"start":{"line":42,"column":16},"end":{"line":42,"column":29}}]},"19":{"type":"branch","line":43,"loc":{"start":{"line":43,"column":16},"end":{"line":44,"column":23}},"locations":[{"start":{"line":43,"column":16},"end":{"line":44,"column":23}}]},"20":{"type":"branch","line":44,"loc":{"start":{"line":44,"column":19},"end":{"line":44,"column":34}},"locations":[{"start":{"line":44,"column":19},"end":{"line":44,"column":34}}]},"21":{"type":"branch","line":44,"loc":{"start":{"line":44,"column":36},"end":{"line":45,"column":40}},"locations":[{"start":{"line":44,"column":36},"end":{"line":45,"column":40}}]},"22":{"type":"branch","line":45,"loc":{"start":{"line":45,"column":40},"end":{"line":47,"column":5}},"locations":[{"start":{"line":45,"column":40},"end":{"line":47,"column":5}}]},"23":{"type":"branch","line":47,"loc":{"start":{"line":47,"column":4},"end":{"line":49,"column":1}},"locations":[{"start":{"line":47,"column":4},"end":{"line":49,"column":1}}]}},"b":{"0":[2],"1":[3],"2":[2],"3":[1],"4":[2],"5":[2],"6":[16],"7":[6],"8":[179],"9":[91],"10":[88],"11":[6],"12":[5],"13":[2],"14":[4],"15":[1],"16":[0],"17":[4],"18":[0],"19":[2],"20":[1],"21":[1],"22":[0],"23":[1]},"fnMap":{"0":{"name":"sum","decl":{"start":{"line":1,"column":0},"end":{"line":3,"column":1}},"loc":{"start":{"line":1,"column":0},"end":{"line":3,"column":1}},"line":1},"1":{"name":"age","decl":{"start":{"line":4,"column":0},"end":{"line":9,"column":1}},"loc":{"start":{"line":4,"column":0},"end":{"line":9,"column":1}},"line":4},"2":{"name":"klonas","decl":{"start":{"line":10,"column":0},"end":{"line":12,"column":1}},"loc":{"start":{"line":10,"column":0},"end":{"line":12,"column":1}},"line":10},"3":{"name":"reverseString","decl":{"start":{"line":14,"column":0},"end":{"line":20,"column":1}},"loc":{"start":{"line":14,"column":0},"end":{"line":20,"column":1}},"line":14},"4":{"name":"isPalindrome","decl":{"start":{"line":22,"column":0},"end":{"line":25,"column":1}},"loc":{"start":{"line":22,"column":0},"end":{"line":25,"column":1}},"line":22},"5":{"name":"fib","decl":{"start":{"line":27,"column":0},"end":{"line":30,"column":1}},"loc":{"start":{"line":27,"column":0},"end":{"line":30,"column":1}},"line":27},"6":{"name":"factorial","decl":{"start":{"line":31,"column":0},"end":{"line":34,"column":1}},"loc":{"start":{"line":31,"column":0},"end":{"line":34,"column":1}},"line":31},"7":{"name":"areAnagrams","decl":{"start":{"line":35,"column":0},"end":{"line":40,"column":1}},"loc":{"start":{"line":35,"column":0},"end":{"line":40,"column":1}},"line":35},"8":{"name":"isPrime","decl":{"start":{"line":41,"column":0},"end":{"line":49,"column":1}},"loc":{"start":{"line":41,"column":0},"end":{"line":49,"column":1}},"line":41}},"f":{"0":2,"1":3,"2":2,"3":2,"4":6,"5":179,"6":6,"7":1,"8":4}}
}
