TN:
SF:nd.js
FN:2,reverseString
FN:13,isPalindrome
FN:19,fibonacci
FN:32,factorial
FN:44,isAnagram
FN:50,isPrime
FNF:6
FNH:6
FNDA:3,reverseString
FNDA:4,isPalindrome
FNDA:5,fibonacci
FNDA:6,factorial
FNDA:5,isAnagram
FNDA:5,isPrime
DA:1,1
DA:2,3
DA:3,3
DA:4,3
DA:5,3
DA:6,3
DA:7,1
DA:8,1
DA:9,2
DA:10,2
DA:11,1
DA:12,1
DA:13,4
DA:14,4
DA:15,3
DA:16,3
DA:17,1
DA:18,1
DA:19,5
DA:20,5
DA:21,5
DA:22,5
DA:23,2
DA:24,2
DA:25,5
DA:26,7
DA:27,7
DA:28,2
DA:29,2
DA:30,1
DA:31,1
DA:32,6
DA:33,6
DA:34,6
DA:35,6
DA:36,3
DA:37,6
DA:38,14
DA:39,14
DA:40,3
DA:41,3
DA:42,1
DA:43,1
DA:44,5
DA:45,5
DA:46,3
DA:47,3
DA:48,1
DA:49,1
DA:50,5
DA:51,5
DA:52,5
DA:53,3
DA:54,1
DA:55,1
DA:56,2
DA:57,2
DA:58,1
DA:59,1
DA:60,1
DA:61,1
DA:62,1
DA:63,1
DA:64,1
DA:65,1
DA:66,1
DA:67,1
LF:67
LH:67
BRDA:2,0,0,3
BRDA:6,1,0,1
BRDA:8,2,0,2
BRDA:13,3,0,4
BRDA:14,4,0,1
BRDA:14,5,0,3
BRDA:19,6,0,5
BRDA:20,7,0,1
BRDA:20,8,0,4
BRDA:21,9,0,1
BRDA:21,10,0,3
BRDA:22,11,0,1
BRDA:22,12,0,2
BRDA:25,13,0,7
BRDA:27,14,0,2
BRDA:32,15,0,6
BRDA:33,16,0,1
BRDA:34,17,0,5
BRDA:34,18,0,1
BRDA:34,19,0,4
BRDA:35,20,0,1
BRDA:35,21,0,3
BRDA:37,22,0,14
BRDA:39,23,0,3
BRDA:44,24,0,5
BRDA:45,25,0,2
BRDA:45,26,0,3
BRDA:50,27,0,5
BRDA:51,28,0,1
BRDA:51,29,0,4
BRDA:52,30,0,3
BRDA:53,31,0,1
BRDA:55,32,0,2
BRDA:57,33,0,1
BRF:34
BRH:34
end_of_record
TN:
SF:sum.js
FN:1,sum
FN:4,age
FN:10,klonas
FN:14,reverseString
FN:22,isPalindrome
FN:27,fib
FN:31,factorial
FN:35,areAnagrams
FN:41,isPrime
FNF:9
FNH:9
FNDA:2,sum
FNDA:3,age
FNDA:2,klonas
FNDA:2,reverseString
FNDA:6,isPalindrome
FNDA:179,fib
FNDA:6,factorial
FNDA:1,areAnagrams
FNDA:4,isPrime
DA:1,2
DA:2,2
DA:3,2
DA:4,3
DA:5,3
DA:6,2
DA:7,2
DA:8,1
DA:9,1
DA:10,2
DA:11,2
DA:12,2
DA:13,1
DA:14,2
DA:15,2
DA:16,2
DA:17,16
DA:18,16
DA:19,2
DA:20,2
DA:21,1
DA:22,6
DA:23,6
DA:24,6
DA:25,6
DA:26,1
DA:27,179
DA:28,179
DA:29,88
DA:30,88
DA:31,6
DA:32,6
DA:33,4
DA:34,4
DA:35,1
DA:36,1
DA:37,1
DA:38,1
DA:39,1
DA:40,1
DA:41,4
DA:42,4
DA:43,4
DA:44,4
DA:45,4
DA:46,0
DA:47,0
DA:48,1
DA:49,1
DA:50,1
DA:51,1
DA:52,1
DA:53,1
DA:54,1
DA:55,1
DA:56,1
DA:57,1
DA:58,1
DA:59,1
DA:60,1
DA:61,1
LF:61
LH:59
BRDA:1,0,0,2
BRDA:4,1,0,3
BRDA:5,2,0,2
BRDA:7,3,0,1
BRDA:10,4,0,2
BRDA:14,5,0,2
BRDA:16,6,0,16
BRDA:22,7,0,6
BRDA:27,8,0,179
BRDA:28,9,0,91
BRDA:28,10,0,88
BRDA:31,11,0,6
BRDA:32,12,0,5
BRDA:32,13,0,2
BRDA:32,14,0,4
BRDA:35,15,0,1
BRDA:36,16,0,0
BRDA:41,17,0,4
BRDA:42,18,0,0
BRDA:43,19,0,2
BRDA:44,20,0,1
BRDA:44,21,0,1
BRDA:45,22,0,0
BRDA:47,23,0,1
BRF:24
BRH:21
end_of_record
